<?xml version="1.0" encoding="UTF-8"?>
<!-- Generated by org.testng.reporters.JUnitReportReporter -->
<testsuite hostname="LAPTOP-CIC3PUUM" failures="0" tests="1" name="task_6_maven_CICD.task_6_maven_CICD.AppTest" time="3.793" errors="0" timestamp="2024-04-01T12:23:00 IST" skipped="0">
  <testcase classname="task_6_maven_CICD.task_6_maven_CICD.AppTest" name="openBrowser" time="3.793"/>
</testsuite> <!-- task_6_maven_CICD.task_6_maven_CICD.AppTest -->
