<?xml version="1.0" encoding="UTF-8"?>
<testsuite xmlns:xsi="http://www.w3.org/2001/XMLSchema-instance" xsi:noNamespaceSchemaLocation="https://maven.apache.org/surefire/maven-surefire-plugin/xsd/surefire-test-report-3.0.xsd" version="3.0" name="TestSuite" time="5.072" tests="1" errors="0" skipped="0" failures="0">
  <properties>
    <property name="java.specification.version" value="17"/>
    <property name="webdriver.chrome.driver" value="C:\Users\satal\Downloads\chromedriver-win64\chromedriver-win64\chromedriver.exe"/>
    <property name="sun.cpu.isalist" value="amd64"/>
    <property name="sun.jnu.encoding" value="Cp1252"/>
    <property name="java.class.path" value="C:\Users\satal\eclipse-workspace\task_6_maven_CICD\target\test-classes;C:\Users\satal\eclipse-workspace\task_6_maven_CICD\target\classes;C:\WINDOWS\system32\config\systemprofile\.m2\repository\junit\junit\3.8.1\junit-3.8.1.jar;C:\WINDOWS\system32\config\systemprofile\.m2\repository\org\apache\maven\plugins\maven-surefire-plugin\3.2.5\maven-surefire-plugin-3.2.5.jar;C:\WINDOWS\system32\config\systemprofile\.m2\repository\org\apache\maven\surefire\maven-surefire-common\3.2.5\maven-surefire-common-3.2.5.jar;C:\WINDOWS\system32\config\systemprofile\.m2\repository\org\apache\maven\surefire\surefire-api\3.2.5\surefire-api-3.2.5.jar;C:\WINDOWS\system32\config\systemprofile\.m2\repository\org\apache\maven\surefire\surefire-logger-api\3.2.5\surefire-logger-api-3.2.5.jar;C:\WINDOWS\system32\config\systemprofile\.m2\repository\org\apache\maven\surefire\surefire-extensions-api\3.2.5\surefire-extensions-api-3.2.5.jar;C:\WINDOWS\system32\config\systemprofile\.m2\repository\org\apache\maven\surefire\surefire-booter\3.2.5\surefire-booter-3.2.5.jar;C:\WINDOWS\system32\config\systemprofile\.m2\repository\org\apache\maven\surefire\surefire-extensions-spi\3.2.5\surefire-extensions-spi-3.2.5.jar;C:\WINDOWS\system32\config\systemprofile\.m2\repository\org\eclipse\aether\aether-util\1.0.0.v20140518\aether-util-1.0.0.v20140518.jar;C:\WINDOWS\system32\config\systemprofile\.m2\repository\org\eclipse\aether\aether-api\1.0.0.v20140518\aether-api-1.0.0.v20140518.jar;C:\WINDOWS\system32\config\systemprofile\.m2\repository\org\apache\maven\shared\maven-common-artifact-filters\3.1.1\maven-common-artifact-filters-3.1.1.jar;C:\WINDOWS\system32\config\systemprofile\.m2\repository\org\apache\maven\maven-artifact\3.1.0\maven-artifact-3.1.0.jar;C:\WINDOWS\system32\config\systemprofile\.m2\repository\org\apache\maven\maven-core\3.1.0\maven-core-3.1.0.jar;C:\WINDOWS\system32\config\systemprofile\.m2\repository\org\apache\maven\maven-settings\3.1.0\maven-settings-3.1.0.jar;C:\WINDOWS\system32\config\systemprofile\.m2\repository\org\apache\maven\maven-settings-builder\3.1.0\maven-settings-builder-3.1.0.jar;C:\WINDOWS\system32\config\systemprofile\.m2\repository\org\apache\maven\maven-repository-metadata\3.1.0\maven-repository-metadata-3.1.0.jar;C:\WINDOWS\system32\config\systemprofile\.m2\repository\org\apache\maven\maven-model-builder\3.1.0\maven-model-builder-3.1.0.jar;C:\WINDOWS\system32\config\systemprofile\.m2\repository\org\apache\maven\maven-aether-provider\3.1.0\maven-aether-provider-3.1.0.jar;C:\WINDOWS\system32\config\systemprofile\.m2\repository\org\eclipse\aether\aether-spi\0.9.0.M2\aether-spi-0.9.0.M2.jar;C:\WINDOWS\system32\config\systemprofile\.m2\repository\org\eclipse\aether\aether-impl\0.9.0.M2\aether-impl-0.9.0.M2.jar;C:\WINDOWS\system32\config\systemprofile\.m2\repository\org\eclipse\sisu\org.eclipse.sisu.plexus\0.0.0.M2a\org.eclipse.sisu.plexus-0.0.0.M2a.jar;C:\WINDOWS\system32\config\systemprofile\.m2\repository\javax\enterprise\cdi-api\1.0\cdi-api-1.0.jar;C:\WINDOWS\system32\config\systemprofile\.m2\repository\javax\annotation\jsr250-api\1.0\jsr250-api-1.0.jar;C:\WINDOWS\system32\config\systemprofile\.m2\repository\org\sonatype\sisu\sisu-guice\3.1.0\sisu-guice-3.1.0-no_aop.jar;C:\WINDOWS\system32\config\systemprofile\.m2\repository\aopalliance\aopalliance\1.0\aopalliance-1.0.jar;C:\WINDOWS\system32\config\systemprofile\.m2\repository\org\eclipse\sisu\org.eclipse.sisu.inject\0.0.0.M2a\org.eclipse.sisu.inject-0.0.0.M2a.jar;C:\WINDOWS\system32\config\systemprofile\.m2\repository\asm\asm\3.3.1\asm-3.3.1.jar;C:\WINDOWS\system32\config\systemprofile\.m2\repository\org\codehaus\plexus\plexus-interpolation\1.16\plexus-interpolation-1.16.jar;C:\WINDOWS\system32\config\systemprofile\.m2\repository\org\codehaus\plexus\plexus-classworlds\2.4.2\plexus-classworlds-2.4.2.jar;C:\WINDOWS\system32\config\systemprofile\.m2\repository\org\codehaus\plexus\plexus-component-annotations\1.5.5\plexus-component-annotations-1.5.5.jar;C:\WINDOWS\system32\config\systemprofile\.m2\repository\org\sonatype\plexus\plexus-sec-dispatcher\1.3\plexus-sec-dispatcher-1.3.jar;C:\WINDOWS\system32\config\systemprofile\.m2\repository\org\sonatype\plexus\plexus-cipher\1.4\plexus-cipher-1.4.jar;C:\WINDOWS\system32\config\systemprofile\.m2\repository\org\apache\maven\maven-plugin-api\3.1.0\maven-plugin-api-3.1.0.jar;C:\WINDOWS\system32\config\systemprofile\.m2\repository\org\apache\maven\surefire\surefire-shared-utils\3.2.5\surefire-shared-utils-3.2.5.jar;C:\WINDOWS\system32\config\systemprofile\.m2\repository\org\apache\maven\plugins\maven-clean-plugin\3.3.2\maven-clean-plugin-3.3.2.jar;C:\WINDOWS\system32\config\systemprofile\.m2\repository\org\codehaus\plexus\plexus-utils\4.0.0\plexus-utils-4.0.0.jar;C:\WINDOWS\system32\config\systemprofile\.m2\repository\org\apache\maven\plugins\maven-compiler-plugin\3.13.0\maven-compiler-plugin-3.13.0.jar;C:\WINDOWS\system32\config\systemprofile\.m2\repository\org\apache\maven\shared\maven-shared-utils\3.4.2\maven-shared-utils-3.4.2.jar;C:\WINDOWS\system32\config\systemprofile\.m2\repository\commons-io\commons-io\2.11.0\commons-io-2.11.0.jar;C:\WINDOWS\system32\config\systemprofile\.m2\repository\org\apache\maven\shared\maven-shared-incremental\1.1\maven-shared-incremental-1.1.jar;C:\WINDOWS\system32\config\systemprofile\.m2\repository\org\codehaus\plexus\plexus-java\1.2.0\plexus-java-1.2.0.jar;C:\WINDOWS\system32\config\systemprofile\.m2\repository\org\ow2\asm\asm\9.6\asm-9.6.jar;C:\WINDOWS\system32\config\systemprofile\.m2\repository\com\thoughtworks\qdox\qdox\2.0.3\qdox-2.0.3.jar;C:\WINDOWS\system32\config\systemprofile\.m2\repository\org\codehaus\plexus\plexus-compiler-api\2.15.0\plexus-compiler-api-2.15.0.jar;C:\WINDOWS\system32\config\systemprofile\.m2\repository\org\codehaus\plexus\plexus-compiler-manager\2.15.0\plexus-compiler-manager-2.15.0.jar;C:\WINDOWS\system32\config\systemprofile\.m2\repository\javax\inject\javax.inject\1\javax.inject-1.jar;C:\WINDOWS\system32\config\systemprofile\.m2\repository\org\codehaus\plexus\plexus-xml\3.0.0\plexus-xml-3.0.0.jar;C:\WINDOWS\system32\config\systemprofile\.m2\repository\org\codehaus\plexus\plexus-compiler-javac\2.15.0\plexus-compiler-javac-2.15.0.jar;C:\WINDOWS\system32\config\systemprofile\.m2\repository\org\seleniumhq\selenium\selenium-java\3.141.5\selenium-java-3.141.5.jar;C:\WINDOWS\system32\config\systemprofile\.m2\repository\org\seleniumhq\selenium\selenium-api\3.141.5\selenium-api-3.141.5.jar;C:\WINDOWS\system32\config\systemprofile\.m2\repository\org\seleniumhq\selenium\selenium-chrome-driver\3.141.5\selenium-chrome-driver-3.141.5.jar;C:\WINDOWS\system32\config\systemprofile\.m2\repository\org\seleniumhq\selenium\selenium-edge-driver\3.141.5\selenium-edge-driver-3.141.5.jar;C:\WINDOWS\system32\config\systemprofile\.m2\repository\org\seleniumhq\selenium\selenium-firefox-driver\3.141.5\selenium-firefox-driver-3.141.5.jar;C:\WINDOWS\system32\config\systemprofile\.m2\repository\org\seleniumhq\selenium\selenium-ie-driver\3.141.5\selenium-ie-driver-3.141.5.jar;C:\WINDOWS\system32\config\systemprofile\.m2\repository\org\seleniumhq\selenium\selenium-opera-driver\3.141.5\selenium-opera-driver-3.141.5.jar;C:\WINDOWS\system32\config\systemprofile\.m2\repository\org\seleniumhq\selenium\selenium-remote-driver\3.141.5\selenium-remote-driver-3.141.5.jar;C:\WINDOWS\system32\config\systemprofile\.m2\repository\org\seleniumhq\selenium\selenium-safari-driver\3.141.5\selenium-safari-driver-3.141.5.jar;C:\WINDOWS\system32\config\systemprofile\.m2\repository\org\seleniumhq\selenium\selenium-support\3.141.5\selenium-support-3.141.5.jar;C:\WINDOWS\system32\config\systemprofile\.m2\repository\net\bytebuddy\byte-buddy\1.8.15\byte-buddy-1.8.15.jar;C:\WINDOWS\system32\config\systemprofile\.m2\repository\org\apache\commons\commons-exec\1.3\commons-exec-1.3.jar;C:\WINDOWS\system32\config\systemprofile\.m2\repository\com\google\guava\guava\25.0-jre\guava-25.0-jre.jar;C:\WINDOWS\system32\config\systemprofile\.m2\repository\com\google\code\findbugs\jsr305\1.3.9\jsr305-1.3.9.jar;C:\WINDOWS\system32\config\systemprofile\.m2\repository\org\checkerframework\checker-compat-qual\2.0.0\checker-compat-qual-2.0.0.jar;C:\WINDOWS\system32\config\systemprofile\.m2\repository\com\google\errorprone\error_prone_annotations\2.1.3\error_prone_annotations-2.1.3.jar;C:\WINDOWS\system32\config\systemprofile\.m2\repository\com\google\j2objc\j2objc-annotations\1.1\j2objc-annotations-1.1.jar;C:\WINDOWS\system32\config\systemprofile\.m2\repository\org\codehaus\mojo\animal-sniffer-annotations\1.14\animal-sniffer-annotations-1.14.jar;C:\WINDOWS\system32\config\systemprofile\.m2\repository\com\squareup\okhttp3\okhttp\3.11.0\okhttp-3.11.0.jar;C:\WINDOWS\system32\config\systemprofile\.m2\repository\com\squareup\okio\okio\1.14.0\okio-1.14.0.jar;C:\WINDOWS\system32\config\systemprofile\.m2\repository\org\testng\testng\7.9.0\testng-7.9.0.jar;C:\WINDOWS\system32\config\systemprofile\.m2\repository\org\slf4j\slf4j-api\1.7.36\slf4j-api-1.7.36.jar;C:\WINDOWS\system32\config\systemprofile\.m2\repository\com\beust\jcommander\1.82\jcommander-1.82.jar;C:\WINDOWS\system32\config\systemprofile\.m2\repository\org\webjars\jquery\3.7.1\jquery-3.7.1.jar;C:\WINDOWS\system32\config\systemprofile\.m2\repository\org\apache\logging\log4j\log4j-slf4j-impl\2.14.1\log4j-slf4j-impl-2.14.1.jar;C:\WINDOWS\system32\config\systemprofile\.m2\repository\org\apache\logging\log4j\log4j-api\2.14.1\log4j-api-2.14.1.jar;C:\WINDOWS\system32\config\systemprofile\.m2\repository\org\apache\logging\log4j\log4j-core\2.14.1\log4j-core-2.14.1.jar;C:\WINDOWS\system32\config\systemprofile\.m2\repository\io\github\bonigarcia\webdrivermanager\5.1.1\webdrivermanager-5.1.1.jar;C:\WINDOWS\system32\config\systemprofile\.m2\repository\com\google\code\gson\gson\2.9.0\gson-2.9.0.jar;C:\WINDOWS\system32\config\systemprofile\.m2\repository\com\github\docker-java\docker-java\3.2.13\docker-java-3.2.13.jar;C:\WINDOWS\system32\config\systemprofile\.m2\repository\com\github\docker-java\docker-java-core\3.2.13\docker-java-core-3.2.13.jar;C:\WINDOWS\system32\config\systemprofile\.m2\repository\com\github\docker-java\docker-java-api\3.2.13\docker-java-api-3.2.13.jar;C:\WINDOWS\system32\config\systemprofile\.m2\repository\com\fasterxml\jackson\core\jackson-annotations\2.10.3\jackson-annotations-2.10.3.jar;C:\WINDOWS\system32\config\systemprofile\.m2\repository\org\apache\commons\commons-compress\1.21\commons-compress-1.21.jar;C:\WINDOWS\system32\config\systemprofile\.m2\repository\com\fasterxml\jackson\core\jackson-databind\2.10.3\jackson-databind-2.10.3.jar;C:\WINDOWS\system32\config\systemprofile\.m2\repository\com\fasterxml\jackson\core\jackson-core\2.10.3\jackson-core-2.10.3.jar;C:\WINDOWS\system32\config\systemprofile\.m2\repository\org\slf4j\jcl-over-slf4j\1.7.30\jcl-over-slf4j-1.7.30.jar;C:\WINDOWS\system32\config\systemprofile\.m2\repository\com\github\docker-java\docker-java-transport-httpclient5\3.2.13\docker-java-transport-httpclient5-3.2.13.jar;C:\WINDOWS\system32\config\systemprofile\.m2\repository\com\github\docker-java\docker-java-transport\3.2.13\docker-java-transport-3.2.13.jar;C:\WINDOWS\system32\config\systemprofile\.m2\repository\net\java\dev\jna\jna\5.8.0\jna-5.8.0.jar;C:\WINDOWS\system32\config\systemprofile\.m2\repository\org\brotli\dec\0.1.2\dec-0.1.2.jar;C:\WINDOWS\system32\config\systemprofile\.m2\repository\org\apache\commons\commons-lang3\3.12.0\commons-lang3-3.12.0.jar;C:\WINDOWS\system32\config\systemprofile\.m2\repository\org\apache\httpcomponents\client5\httpclient5\5.1.3\httpclient5-5.1.3.jar;C:\WINDOWS\system32\config\systemprofile\.m2\repository\org\apache\httpcomponents\core5\httpcore5\5.1.3\httpcore5-5.1.3.jar;C:\WINDOWS\system32\config\systemprofile\.m2\repository\org\apache\httpcomponents\core5\httpcore5-h2\5.1.3\httpcore5-h2-5.1.3.jar;C:\WINDOWS\system32\config\systemprofile\.m2\repository\commons-codec\commons-codec\1.15\commons-codec-1.15.jar;C:\WINDOWS\system32\config\systemprofile\.m2\repository\kg\apc\jmeter-plugins-cmn-jmeter\0.7\jmeter-plugins-cmn-jmeter-0.7.jar;C:\WINDOWS\system32\config\systemprofile\.m2\repository\org\apache\jmeter\jorphan\2.13\jorphan-2.13.jar;C:\WINDOWS\system32\config\systemprofile\.m2\repository\bsf\bsf\2.4.0\bsf-2.4.0.jar;C:\WINDOWS\system32\config\systemprofile\.m2\repository\avalon-framework\avalon-framework\4.1.4\avalon-framework-4.1.4.jar;C:\WINDOWS\system32\config\systemprofile\.m2\repository\org\beanshell\bsh\2.0b5\bsh-2.0b5.jar;C:\WINDOWS\system32\config\systemprofile\.m2\repository\org\bouncycastle\bcmail-jdk15on\1.49\bcmail-jdk15on-1.49.jar;C:\WINDOWS\system32\config\systemprofile\.m2\repository\org\bouncycastle\bcprov-jdk15on\1.49\bcprov-jdk15on-1.49.jar;C:\WINDOWS\system32\config\systemprofile\.m2\repository\org\bouncycastle\bcpkix-jdk15on\1.49\bcpkix-jdk15on-1.49.jar;C:\WINDOWS\system32\config\systemprofile\.m2\repository\commons-collections\commons-collections\3.2.1\commons-collections-3.2.1.jar;C:\WINDOWS\system32\config\systemprofile\.m2\repository\commons-httpclient\commons-httpclient\3.1\commons-httpclient-3.1.jar;C:\WINDOWS\system32\config\systemprofile\.m2\repository\commons-jexl\commons-jexl\1.1\commons-jexl-1.1.jar;C:\WINDOWS\system32\config\systemprofile\.m2\repository\org\apache\commons\commons-jexl\2.1.1\commons-jexl-2.1.1.jar;C:\WINDOWS\system32\config\systemprofile\.m2\repository\commons-logging\commons-logging\1.2\commons-logging-1.2.jar;C:\WINDOWS\system32\config\systemprofile\.m2\repository\commons-net\commons-net\3.3\commons-net-3.3.jar;C:\WINDOWS\system32\config\systemprofile\.m2\repository\dnsjava\dnsjava\2.1.7\dnsjava-2.1.7.jar;C:\WINDOWS\system32\config\systemprofile\.m2\repository\excalibur-datasource\excalibur-datasource\2.1\excalibur-datasource-2.1.jar;C:\WINDOWS\system32\config\systemprofile\.m2\repository\hsqldb\hsqldb\1.8.0.1\hsqldb-1.8.0.1.jar;C:\WINDOWS\system32\config\systemprofile\.m2\repository\avalon-framework\avalon-framework-api\4.3\avalon-framework-api-4.3.jar;C:\WINDOWS\system32\config\systemprofile\.m2\repository\avalon-framework\avalon-framework-impl\4.3\avalon-framework-impl-4.3.jar;C:\WINDOWS\system32\config\systemprofile\.m2\repository\xml-apis\xmlParserAPIs\2.0.2\xmlParserAPIs-2.0.2.jar;C:\WINDOWS\system32\config\systemprofile\.m2\repository\log4j\log4j\1.2.11\log4j-1.2.11.jar;C:\WINDOWS\system32\config\systemprofile\.m2\repository\jmock\jmock\1.0.1\jmock-1.0.1.jar;C:\WINDOWS\system32\config\systemprofile\.m2\repository\avalon-logkit\avalon-logkit\2.1\avalon-logkit-2.1.jar;C:\WINDOWS\system32\config\systemprofile\.m2\repository\javax\servlet\servlet-api\2.3\servlet-api-2.3.jar;C:\WINDOWS\system32\config\systemprofile\.m2\repository\geronimo-spec\geronimo-spec-javamail\1.3.1-rc3\geronimo-spec-javamail-1.3.1-rc3.jar;C:\WINDOWS\system32\config\systemprofile\.m2\repository\geronimo-spec\geronimo-spec-jms\1.1-rc4\geronimo-spec-jms-1.1-rc4.jar;C:\WINDOWS\system32\config\systemprofile\.m2\repository\excalibur-instrument\excalibur-instrument-api\2.1\excalibur-instrument-api-2.1.jar;C:\WINDOWS\system32\config\systemprofile\.m2\repository\concurrent\concurrent\1.3.4\concurrent-1.3.4.jar;C:\WINDOWS\system32\config\systemprofile\.m2\repository\excalibur-component\excalibur-testcase\2.1\excalibur-testcase-2.1.jar;C:\WINDOWS\system32\config\systemprofile\.m2\repository\excalibur-component\excalibur-component\2.1\excalibur-component-2.1.jar;C:\WINDOWS\system32\config\systemprofile\.m2\repository\excalibur-instrument\excalibur-instrument-mgr-api\2.1\excalibur-instrument-mgr-api-2.1.jar;C:\WINDOWS\system32\config\systemprofile\.m2\repository\excalibur-instrument\excalibur-instrument-mgr-impl\2.1\excalibur-instrument-mgr-impl-2.1.jar;C:\WINDOWS\system32\config\systemprofile\.m2\repository\qdox\qdox\1.5\qdox-1.5.jar;C:\WINDOWS\system32\config\systemprofile\.m2\repository\excalibur-instrument\excalibur-instrument\1.0\excalibur-instrument-1.0.jar;C:\WINDOWS\system32\config\systemprofile\.m2\repository\excalibur-logger\excalibur-logger\1.1\excalibur-logger-1.1.jar;C:\WINDOWS\system32\config\systemprofile\.m2\repository\excalibur-pool\excalibur-pool-api\2.1\excalibur-pool-api-2.1.jar;C:\WINDOWS\system32\config\systemprofile\.m2\repository\excalibur-pool\excalibur-pool-impl\2.1\excalibur-pool-impl-2.1.jar;C:\WINDOWS\system32\config\systemprofile\.m2\repository\junitperf\junitperf\1.8\junitperf-1.8.jar;C:\WINDOWS\system32\config\systemprofile\.m2\repository\excalibur-pool\excalibur-pool-instrumented\2.1\excalibur-pool-instrumented-2.1.jar;C:\WINDOWS\system32\config\systemprofile\.m2\repository\org\htmlparser\htmllexer\2.1\htmllexer-2.1.jar;C:\WINDOWS\system32\config\systemprofile\.m2\repository\org\htmlparser\htmlparser\2.1\htmlparser-2.1.jar;C:\WINDOWS\system32\config\systemprofile\.m2\repository\org\apache\httpcomponents\httpclient\4.2.6\httpclient-4.2.6.jar;C:\WINDOWS\system32\config\systemprofile\.m2\repository\org\apache\httpcomponents\httpmime\4.2.6\httpmime-4.2.6.jar;C:\WINDOWS\system32\config\systemprofile\.m2\repository\org\apache\httpcomponents\httpcore\4.2.5\httpcore-4.2.5.jar;C:\WINDOWS\system32\config\systemprofile\.m2\repository\oro\oro\2.0.8\oro-2.0.8.jar;C:\WINDOWS\system32\config\systemprofile\.m2\repository\jcharts\jcharts\0.7.5\jcharts-0.7.5.jar;C:\WINDOWS\system32\config\systemprofile\.m2\repository\org\jdom\jdom\1.1.3\jdom-1.1.3.jar;C:\WINDOWS\system32\config\systemprofile\.m2\repository\org\mozilla\rhino\1.7R5\rhino-1.7R5.jar;C:\WINDOWS\system32\config\systemprofile\.m2\repository\logkit\logkit\2.0\logkit-2.0.jar;C:\WINDOWS\system32\config\systemprofile\.m2\repository\soap\soap\2.3.1\soap-2.3.1.jar;C:\WINDOWS\system32\config\systemprofile\.m2\repository\net\sf\jtidy\jtidy\r938\jtidy-r938.jar;C:\WINDOWS\system32\config\systemprofile\.m2\repository\org\apache\tika\tika-core\1.7\tika-core-1.7.jar;C:\WINDOWS\system32\config\systemprofile\.m2\repository\org\apache\tika\tika-parsers\1.7\tika-parsers-1.7.jar;C:\WINDOWS\system32\config\systemprofile\.m2\repository\org\gagravarr\vorbis-java-tika\0.6\vorbis-java-tika-0.6.jar;C:\WINDOWS\system32\config\systemprofile\.m2\repository\edu\ucar\netcdf\4.2.20\netcdf-4.2.20.jar;C:\WINDOWS\system32\config\systemprofile\.m2\repository\edu\ucar\unidataCommon\4.2.20\unidataCommon-4.2.20.jar;C:\WINDOWS\system32\config\systemprofile\.m2\repository\net\jcip\jcip-annotations\1.0\jcip-annotations-1.0.jar;C:\WINDOWS\system32\config\systemprofile\.m2\repository\net\sourceforge\jmatio\jmatio\1.0\jmatio-1.0.jar;C:\WINDOWS\system32\config\systemprofile\.m2\repository\org\apache\james\apache-mime4j-core\0.7.2\apache-mime4j-core-0.7.2.jar;C:\WINDOWS\system32\config\systemprofile\.m2\repository\org\apache\james\apache-mime4j-dom\0.7.2\apache-mime4j-dom-0.7.2.jar;C:\WINDOWS\system32\config\systemprofile\.m2\repository\org\tukaani\xz\1.5\xz-1.5.jar;C:\WINDOWS\system32\config\systemprofile\.m2\repository\org\apache\pdfbox\pdfbox\1.8.8\pdfbox-1.8.8.jar;C:\WINDOWS\system32\config\systemprofile\.m2\repository\org\apache\pdfbox\fontbox\1.8.8\fontbox-1.8.8.jar;C:\WINDOWS\system32\config\systemprofile\.m2\repository\org\apache\pdfbox\jempbox\1.8.8\jempbox-1.8.8.jar;C:\WINDOWS\system32\config\systemprofile\.m2\repository\org\bouncycastle\bcmail-jdk15\1.45\bcmail-jdk15-1.45.jar;C:\WINDOWS\system32\config\systemprofile\.m2\repository\org\bouncycastle\bcprov-jdk15\1.45\bcprov-jdk15-1.45.jar;C:\WINDOWS\system32\config\systemprofile\.m2\repository\org\apache\poi\poi\3.11\poi-3.11.jar;C:\WINDOWS\system32\config\systemprofile\.m2\repository\org\apache\poi\poi-scratchpad\3.11\poi-scratchpad-3.11.jar;C:\WINDOWS\system32\config\systemprofile\.m2\repository\org\apache\poi\poi-ooxml\3.11\poi-ooxml-3.11.jar;C:\WINDOWS\system32\config\systemprofile\.m2\repository\org\apache\poi\poi-ooxml-schemas\3.11\poi-ooxml-schemas-3.11.jar;C:\WINDOWS\system32\config\systemprofile\.m2\repository\org\apache\xmlbeans\xmlbeans\2.6.0\xmlbeans-2.6.0.jar;C:\WINDOWS\system32\config\systemprofile\.m2\repository\org\ccil\cowan\tagsoup\tagsoup\1.2.1\tagsoup-1.2.1.jar;C:\WINDOWS\system32\config\systemprofile\.m2\repository\org\ow2\asm\asm-debug-all\4.1\asm-debug-all-4.1.jar;C:\WINDOWS\system32\config\systemprofile\.m2\repository\com\googlecode\mp4parser\isoparser\1.0.2\isoparser-1.0.2.jar;C:\WINDOWS\system32\config\systemprofile\.m2\repository\org\aspectj\aspectjrt\1.8.0\aspectjrt-1.8.0.jar;C:\WINDOWS\system32\config\systemprofile\.m2\repository\com\drewnoakes\metadata-extractor\2.6.2\metadata-extractor-2.6.2.jar;C:\WINDOWS\system32\config\systemprofile\.m2\repository\com\adobe\xmp\xmpcore\5.1.2\xmpcore-5.1.2.jar;C:\WINDOWS\system32\config\systemprofile\.m2\repository\de\l3s\boilerpipe\boilerpipe\1.1.0\boilerpipe-1.1.0.jar;C:\WINDOWS\system32\config\systemprofile\.m2\repository\rome\rome\1.0\rome-1.0.jar;C:\WINDOWS\system32\config\systemprofile\.m2\repository\jdom\jdom\1.0\jdom-1.0.jar;C:\WINDOWS\system32\config\systemprofile\.m2\repository\org\gagravarr\vorbis-java-core\0.6\vorbis-java-core-0.6.jar;C:\WINDOWS\system32\config\systemprofile\.m2\repository\com\googlecode\juniversalchardet\juniversalchardet\1.0.3\juniversalchardet-1.0.3.jar;C:\WINDOWS\system32\config\systemprofile\.m2\repository\com\uwyn\jhighlight\1.0\jhighlight-1.0.jar;C:\WINDOWS\system32\config\systemprofile\.m2\repository\com\pff\java-libpst\0.8.1\java-libpst-0.8.1.jar;C:\WINDOWS\system32\config\systemprofile\.m2\repository\com\thoughtworks\xstream\xstream\1.4.8\xstream-1.4.8.jar;C:\WINDOWS\system32\config\systemprofile\.m2\repository\xmlpull\xmlpull\1.1.3.1\xmlpull-1.1.3.1.jar;C:\WINDOWS\system32\config\systemprofile\.m2\repository\xpp3\xpp3_min\1.1.4c\xpp3_min-1.1.4c.jar;C:\WINDOWS\system32\config\systemprofile\.m2\repository\xalan\xalan\2.7.2\xalan-2.7.2.jar;C:\WINDOWS\system32\config\systemprofile\.m2\repository\xalan\serializer\2.7.2\serializer-2.7.2.jar;C:\WINDOWS\system32\config\systemprofile\.m2\repository\xerces\xercesImpl\2.11.0\xercesImpl-2.11.0.jar;C:\WINDOWS\system32\config\systemprofile\.m2\repository\xml-apis\xml-apis\1.4.01\xml-apis-1.4.01.jar;C:\WINDOWS\system32\config\systemprofile\.m2\repository\org\apache\xmlgraphics\xmlgraphics-commons\1.5\xmlgraphics-commons-1.5.jar;C:\WINDOWS\system32\config\systemprofile\.m2\repository\javax\mail\mail\1.5.0-b01\mail-1.5.0-b01.jar;C:\WINDOWS\system32\config\systemprofile\.m2\repository\javax\activation\activation\1.1\activation-1.1.jar;C:\WINDOWS\system32\config\systemprofile\.m2\repository\org\apache\geronimo\specs\geronimo-jms_1.1_spec\1.1.1\geronimo-jms_1.1_spec-1.1.1.jar;C:\WINDOWS\system32\config\systemprofile\.m2\repository\org\jsoup\jsoup\1.8.1\jsoup-1.8.1.jar;C:\WINDOWS\system32\config\systemprofile\.m2\repository\org\jodd\jodd-core\3.6.4\jodd-core-3.6.4.jar;C:\WINDOWS\system32\config\systemprofile\.m2\repository\org\jodd\jodd-lagarto\3.6.4\jodd-lagarto-3.6.4.jar;C:\WINDOWS\system32\config\systemprofile\.m2\repository\org\jodd\jodd-log\3.6.4\jodd-log-3.6.4.jar;C:\WINDOWS\system32\config\systemprofile\.m2\repository\org\mongodb\mongo-java-driver\2.11.3\mongo-java-driver-2.11.3.jar;C:\WINDOWS\system32\config\systemprofile\.m2\repository\com\fifesoft\rsyntaxtextarea\2.5.6\rsyntaxtextarea-2.5.6.jar;C:\WINDOWS\system32\config\systemprofile\.m2\repository\org\slf4j\slf4j-nop\1.7.10\slf4j-nop-1.7.10.jar;C:\WINDOWS\system32\config\systemprofile\.m2\repository\org\apache\jmeter\ApacheJMeter_core\2.13\ApacheJMeter_core-2.13.jar;C:\WINDOWS\system32\config\systemprofile\.m2\repository\kg\apc\jmeter-plugins-charts\0.1\jmeter-plugins-charts-0.1.jar;"/>
    <property name="java.vm.vendor" value="Oracle Corporation"/>
    <property name="sun.arch.data.model" value="64"/>
    <property name="user.variant" value=""/>
    <property name="java.vendor.url" value="https://java.oracle.com/"/>
    <property name="user.timezone" value="Asia/Calcutta"/>
    <property name="os.name" value="Windows 11"/>
    <property name="java.vm.specification.version" value="17"/>
    <property name="sun.java.launcher" value="SUN_STANDARD"/>
    <property name="user.country" value="IN"/>
    <property name="sun.boot.library.path" value="C:\Program Files\Java\jdk-17\bin"/>
    <property name="sun.java.command" value="C:\Windows\Temp\surefire16126787472494646155\surefirebooter4971078881322727952.jar C:\Windows\Temp\surefire16126787472494646155 2024-04-01T17-21-35_443-jvmRun1 surefire7005146049785614087tmp surefire_04573053312805542287tmp"/>
    <property name="jdk.debug" value="release"/>
    <property name="surefire.test.class.path" value="C:\Users\satal\eclipse-workspace\task_6_maven_CICD\target\test-classes;C:\Users\satal\eclipse-workspace\task_6_maven_CICD\target\classes;C:\WINDOWS\system32\config\systemprofile\.m2\repository\junit\junit\3.8.1\junit-3.8.1.jar;C:\WINDOWS\system32\config\systemprofile\.m2\repository\org\apache\maven\plugins\maven-surefire-plugin\3.2.5\maven-surefire-plugin-3.2.5.jar;C:\WINDOWS\system32\config\systemprofile\.m2\repository\org\apache\maven\surefire\maven-surefire-common\3.2.5\maven-surefire-common-3.2.5.jar;C:\WINDOWS\system32\config\systemprofile\.m2\repository\org\apache\maven\surefire\surefire-api\3.2.5\surefire-api-3.2.5.jar;C:\WINDOWS\system32\config\systemprofile\.m2\repository\org\apache\maven\surefire\surefire-logger-api\3.2.5\surefire-logger-api-3.2.5.jar;C:\WINDOWS\system32\config\systemprofile\.m2\repository\org\apache\maven\surefire\surefire-extensions-api\3.2.5\surefire-extensions-api-3.2.5.jar;C:\WINDOWS\system32\config\systemprofile\.m2\repository\org\apache\maven\surefire\surefire-booter\3.2.5\surefire-booter-3.2.5.jar;C:\WINDOWS\system32\config\systemprofile\.m2\repository\org\apache\maven\surefire\surefire-extensions-spi\3.2.5\surefire-extensions-spi-3.2.5.jar;C:\WINDOWS\system32\config\systemprofile\.m2\repository\org\eclipse\aether\aether-util\1.0.0.v20140518\aether-util-1.0.0.v20140518.jar;C:\WINDOWS\system32\config\systemprofile\.m2\repository\org\eclipse\aether\aether-api\1.0.0.v20140518\aether-api-1.0.0.v20140518.jar;C:\WINDOWS\system32\config\systemprofile\.m2\repository\org\apache\maven\shared\maven-common-artifact-filters\3.1.1\maven-common-artifact-filters-3.1.1.jar;C:\WINDOWS\system32\config\systemprofile\.m2\repository\org\apache\maven\maven-artifact\3.1.0\maven-artifact-3.1.0.jar;C:\WINDOWS\system32\config\systemprofile\.m2\repository\org\apache\maven\maven-core\3.1.0\maven-core-3.1.0.jar;C:\WINDOWS\system32\config\systemprofile\.m2\repository\org\apache\maven\maven-settings\3.1.0\maven-settings-3.1.0.jar;C:\WINDOWS\system32\config\systemprofile\.m2\repository\org\apache\maven\maven-settings-builder\3.1.0\maven-settings-builder-3.1.0.jar;C:\WINDOWS\system32\config\systemprofile\.m2\repository\org\apache\maven\maven-repository-metadata\3.1.0\maven-repository-metadata-3.1.0.jar;C:\WINDOWS\system32\config\systemprofile\.m2\repository\org\apache\maven\maven-model-builder\3.1.0\maven-model-builder-3.1.0.jar;C:\WINDOWS\system32\config\systemprofile\.m2\repository\org\apache\maven\maven-aether-provider\3.1.0\maven-aether-provider-3.1.0.jar;C:\WINDOWS\system32\config\systemprofile\.m2\repository\org\eclipse\aether\aether-spi\0.9.0.M2\aether-spi-0.9.0.M2.jar;C:\WINDOWS\system32\config\systemprofile\.m2\repository\org\eclipse\aether\aether-impl\0.9.0.M2\aether-impl-0.9.0.M2.jar;C:\WINDOWS\system32\config\systemprofile\.m2\repository\org\eclipse\sisu\org.eclipse.sisu.plexus\0.0.0.M2a\org.eclipse.sisu.plexus-0.0.0.M2a.jar;C:\WINDOWS\system32\config\systemprofile\.m2\repository\javax\enterprise\cdi-api\1.0\cdi-api-1.0.jar;C:\WINDOWS\system32\config\systemprofile\.m2\repository\javax\annotation\jsr250-api\1.0\jsr250-api-1.0.jar;C:\WINDOWS\system32\config\systemprofile\.m2\repository\org\sonatype\sisu\sisu-guice\3.1.0\sisu-guice-3.1.0-no_aop.jar;C:\WINDOWS\system32\config\systemprofile\.m2\repository\aopalliance\aopalliance\1.0\aopalliance-1.0.jar;C:\WINDOWS\system32\config\systemprofile\.m2\repository\org\eclipse\sisu\org.eclipse.sisu.inject\0.0.0.M2a\org.eclipse.sisu.inject-0.0.0.M2a.jar;C:\WINDOWS\system32\config\systemprofile\.m2\repository\asm\asm\3.3.1\asm-3.3.1.jar;C:\WINDOWS\system32\config\systemprofile\.m2\repository\org\codehaus\plexus\plexus-interpolation\1.16\plexus-interpolation-1.16.jar;C:\WINDOWS\system32\config\systemprofile\.m2\repository\org\codehaus\plexus\plexus-classworlds\2.4.2\plexus-classworlds-2.4.2.jar;C:\WINDOWS\system32\config\systemprofile\.m2\repository\org\codehaus\plexus\plexus-component-annotations\1.5.5\plexus-component-annotations-1.5.5.jar;C:\WINDOWS\system32\config\systemprofile\.m2\repository\org\sonatype\plexus\plexus-sec-dispatcher\1.3\plexus-sec-dispatcher-1.3.jar;C:\WINDOWS\system32\config\systemprofile\.m2\repository\org\sonatype\plexus\plexus-cipher\1.4\plexus-cipher-1.4.jar;C:\WINDOWS\system32\config\systemprofile\.m2\repository\org\apache\maven\maven-plugin-api\3.1.0\maven-plugin-api-3.1.0.jar;C:\WINDOWS\system32\config\systemprofile\.m2\repository\org\apache\maven\surefire\surefire-shared-utils\3.2.5\surefire-shared-utils-3.2.5.jar;C:\WINDOWS\system32\config\systemprofile\.m2\repository\org\apache\maven\plugins\maven-clean-plugin\3.3.2\maven-clean-plugin-3.3.2.jar;C:\WINDOWS\system32\config\systemprofile\.m2\repository\org\codehaus\plexus\plexus-utils\4.0.0\plexus-utils-4.0.0.jar;C:\WINDOWS\system32\config\systemprofile\.m2\repository\org\apache\maven\plugins\maven-compiler-plugin\3.13.0\maven-compiler-plugin-3.13.0.jar;C:\WINDOWS\system32\config\systemprofile\.m2\repository\org\apache\maven\shared\maven-shared-utils\3.4.2\maven-shared-utils-3.4.2.jar;C:\WINDOWS\system32\config\systemprofile\.m2\repository\commons-io\commons-io\2.11.0\commons-io-2.11.0.jar;C:\WINDOWS\system32\config\systemprofile\.m2\repository\org\apache\maven\shared\maven-shared-incremental\1.1\maven-shared-incremental-1.1.jar;C:\WINDOWS\system32\config\systemprofile\.m2\repository\org\codehaus\plexus\plexus-java\1.2.0\plexus-java-1.2.0.jar;C:\WINDOWS\system32\config\systemprofile\.m2\repository\org\ow2\asm\asm\9.6\asm-9.6.jar;C:\WINDOWS\system32\config\systemprofile\.m2\repository\com\thoughtworks\qdox\qdox\2.0.3\qdox-2.0.3.jar;C:\WINDOWS\system32\config\systemprofile\.m2\repository\org\codehaus\plexus\plexus-compiler-api\2.15.0\plexus-compiler-api-2.15.0.jar;C:\WINDOWS\system32\config\systemprofile\.m2\repository\org\codehaus\plexus\plexus-compiler-manager\2.15.0\plexus-compiler-manager-2.15.0.jar;C:\WINDOWS\system32\config\systemprofile\.m2\repository\javax\inject\javax.inject\1\javax.inject-1.jar;C:\WINDOWS\system32\config\systemprofile\.m2\repository\org\codehaus\plexus\plexus-xml\3.0.0\plexus-xml-3.0.0.jar;C:\WINDOWS\system32\config\systemprofile\.m2\repository\org\codehaus\plexus\plexus-compiler-javac\2.15.0\plexus-compiler-javac-2.15.0.jar;C:\WINDOWS\system32\config\systemprofile\.m2\repository\org\seleniumhq\selenium\selenium-java\3.141.5\selenium-java-3.141.5.jar;C:\WINDOWS\system32\config\systemprofile\.m2\repository\org\seleniumhq\selenium\selenium-api\3.141.5\selenium-api-3.141.5.jar;C:\WINDOWS\system32\config\systemprofile\.m2\repository\org\seleniumhq\selenium\selenium-chrome-driver\3.141.5\selenium-chrome-driver-3.141.5.jar;C:\WINDOWS\system32\config\systemprofile\.m2\repository\org\seleniumhq\selenium\selenium-edge-driver\3.141.5\selenium-edge-driver-3.141.5.jar;C:\WINDOWS\system32\config\systemprofile\.m2\repository\org\seleniumhq\selenium\selenium-firefox-driver\3.141.5\selenium-firefox-driver-3.141.5.jar;C:\WINDOWS\system32\config\systemprofile\.m2\repository\org\seleniumhq\selenium\selenium-ie-driver\3.141.5\selenium-ie-driver-3.141.5.jar;C:\WINDOWS\system32\config\systemprofile\.m2\repository\org\seleniumhq\selenium\selenium-opera-driver\3.141.5\selenium-opera-driver-3.141.5.jar;C:\WINDOWS\system32\config\systemprofile\.m2\repository\org\seleniumhq\selenium\selenium-remote-driver\3.141.5\selenium-remote-driver-3.141.5.jar;C:\WINDOWS\system32\config\systemprofile\.m2\repository\org\seleniumhq\selenium\selenium-safari-driver\3.141.5\selenium-safari-driver-3.141.5.jar;C:\WINDOWS\system32\config\systemprofile\.m2\repository\org\seleniumhq\selenium\selenium-support\3.141.5\selenium-support-3.141.5.jar;C:\WINDOWS\system32\config\systemprofile\.m2\repository\net\bytebuddy\byte-buddy\1.8.15\byte-buddy-1.8.15.jar;C:\WINDOWS\system32\config\systemprofile\.m2\repository\org\apache\commons\commons-exec\1.3\commons-exec-1.3.jar;C:\WINDOWS\system32\config\systemprofile\.m2\repository\com\google\guava\guava\25.0-jre\guava-25.0-jre.jar;C:\WINDOWS\system32\config\systemprofile\.m2\repository\com\google\code\findbugs\jsr305\1.3.9\jsr305-1.3.9.jar;C:\WINDOWS\system32\config\systemprofile\.m2\repository\org\checkerframework\checker-compat-qual\2.0.0\checker-compat-qual-2.0.0.jar;C:\WINDOWS\system32\config\systemprofile\.m2\repository\com\google\errorprone\error_prone_annotations\2.1.3\error_prone_annotations-2.1.3.jar;C:\WINDOWS\system32\config\systemprofile\.m2\repository\com\google\j2objc\j2objc-annotations\1.1\j2objc-annotations-1.1.jar;C:\WINDOWS\system32\config\systemprofile\.m2\repository\org\codehaus\mojo\animal-sniffer-annotations\1.14\animal-sniffer-annotations-1.14.jar;C:\WINDOWS\system32\config\systemprofile\.m2\repository\com\squareup\okhttp3\okhttp\3.11.0\okhttp-3.11.0.jar;C:\WINDOWS\system32\config\systemprofile\.m2\repository\com\squareup\okio\okio\1.14.0\okio-1.14.0.jar;C:\WINDOWS\system32\config\systemprofile\.m2\repository\org\testng\testng\7.9.0\testng-7.9.0.jar;C:\WINDOWS\system32\config\systemprofile\.m2\repository\org\slf4j\slf4j-api\1.7.36\slf4j-api-1.7.36.jar;C:\WINDOWS\system32\config\systemprofile\.m2\repository\com\beust\jcommander\1.82\jcommander-1.82.jar;C:\WINDOWS\system32\config\systemprofile\.m2\repository\org\webjars\jquery\3.7.1\jquery-3.7.1.jar;C:\WINDOWS\system32\config\systemprofile\.m2\repository\org\apache\logging\log4j\log4j-slf4j-impl\2.14.1\log4j-slf4j-impl-2.14.1.jar;C:\WINDOWS\system32\config\systemprofile\.m2\repository\org\apache\logging\log4j\log4j-api\2.14.1\log4j-api-2.14.1.jar;C:\WINDOWS\system32\config\systemprofile\.m2\repository\org\apache\logging\log4j\log4j-core\2.14.1\log4j-core-2.14.1.jar;C:\WINDOWS\system32\config\systemprofile\.m2\repository\io\github\bonigarcia\webdrivermanager\5.1.1\webdrivermanager-5.1.1.jar;C:\WINDOWS\system32\config\systemprofile\.m2\repository\com\google\code\gson\gson\2.9.0\gson-2.9.0.jar;C:\WINDOWS\system32\config\systemprofile\.m2\repository\com\github\docker-java\docker-java\3.2.13\docker-java-3.2.13.jar;C:\WINDOWS\system32\config\systemprofile\.m2\repository\com\github\docker-java\docker-java-core\3.2.13\docker-java-core-3.2.13.jar;C:\WINDOWS\system32\config\systemprofile\.m2\repository\com\github\docker-java\docker-java-api\3.2.13\docker-java-api-3.2.13.jar;C:\WINDOWS\system32\config\systemprofile\.m2\repository\com\fasterxml\jackson\core\jackson-annotations\2.10.3\jackson-annotations-2.10.3.jar;C:\WINDOWS\system32\config\systemprofile\.m2\repository\org\apache\commons\commons-compress\1.21\commons-compress-1.21.jar;C:\WINDOWS\system32\config\systemprofile\.m2\repository\com\fasterxml\jackson\core\jackson-databind\2.10.3\jackson-databind-2.10.3.jar;C:\WINDOWS\system32\config\systemprofile\.m2\repository\com\fasterxml\jackson\core\jackson-core\2.10.3\jackson-core-2.10.3.jar;C:\WINDOWS\system32\config\systemprofile\.m2\repository\org\slf4j\jcl-over-slf4j\1.7.30\jcl-over-slf4j-1.7.30.jar;C:\WINDOWS\system32\config\systemprofile\.m2\repository\com\github\docker-java\docker-java-transport-httpclient5\3.2.13\docker-java-transport-httpclient5-3.2.13.jar;C:\WINDOWS\system32\config\systemprofile\.m2\repository\com\github\docker-java\docker-java-transport\3.2.13\docker-java-transport-3.2.13.jar;C:\WINDOWS\system32\config\systemprofile\.m2\repository\net\java\dev\jna\jna\5.8.0\jna-5.8.0.jar;C:\WINDOWS\system32\config\systemprofile\.m2\repository\org\brotli\dec\0.1.2\dec-0.1.2.jar;C:\WINDOWS\system32\config\systemprofile\.m2\repository\org\apache\commons\commons-lang3\3.12.0\commons-lang3-3.12.0.jar;C:\WINDOWS\system32\config\systemprofile\.m2\repository\org\apache\httpcomponents\client5\httpclient5\5.1.3\httpclient5-5.1.3.jar;C:\WINDOWS\system32\config\systemprofile\.m2\repository\org\apache\httpcomponents\core5\httpcore5\5.1.3\httpcore5-5.1.3.jar;C:\WINDOWS\system32\config\systemprofile\.m2\repository\org\apache\httpcomponents\core5\httpcore5-h2\5.1.3\httpcore5-h2-5.1.3.jar;C:\WINDOWS\system32\config\systemprofile\.m2\repository\commons-codec\commons-codec\1.15\commons-codec-1.15.jar;C:\WINDOWS\system32\config\systemprofile\.m2\repository\kg\apc\jmeter-plugins-cmn-jmeter\0.7\jmeter-plugins-cmn-jmeter-0.7.jar;C:\WINDOWS\system32\config\systemprofile\.m2\repository\org\apache\jmeter\jorphan\2.13\jorphan-2.13.jar;C:\WINDOWS\system32\config\systemprofile\.m2\repository\bsf\bsf\2.4.0\bsf-2.4.0.jar;C:\WINDOWS\system32\config\systemprofile\.m2\repository\avalon-framework\avalon-framework\4.1.4\avalon-framework-4.1.4.jar;C:\WINDOWS\system32\config\systemprofile\.m2\repository\org\beanshell\bsh\2.0b5\bsh-2.0b5.jar;C:\WINDOWS\system32\config\systemprofile\.m2\repository\org\bouncycastle\bcmail-jdk15on\1.49\bcmail-jdk15on-1.49.jar;C:\WINDOWS\system32\config\systemprofile\.m2\repository\org\bouncycastle\bcprov-jdk15on\1.49\bcprov-jdk15on-1.49.jar;C:\WINDOWS\system32\config\systemprofile\.m2\repository\org\bouncycastle\bcpkix-jdk15on\1.49\bcpkix-jdk15on-1.49.jar;C:\WINDOWS\system32\config\systemprofile\.m2\repository\commons-collections\commons-collections\3.2.1\commons-collections-3.2.1.jar;C:\WINDOWS\system32\config\systemprofile\.m2\repository\commons-httpclient\commons-httpclient\3.1\commons-httpclient-3.1.jar;C:\WINDOWS\system32\config\systemprofile\.m2\repository\commons-jexl\commons-jexl\1.1\commons-jexl-1.1.jar;C:\WINDOWS\system32\config\systemprofile\.m2\repository\org\apache\commons\commons-jexl\2.1.1\commons-jexl-2.1.1.jar;C:\WINDOWS\system32\config\systemprofile\.m2\repository\commons-logging\commons-logging\1.2\commons-logging-1.2.jar;C:\WINDOWS\system32\config\systemprofile\.m2\repository\commons-net\commons-net\3.3\commons-net-3.3.jar;C:\WINDOWS\system32\config\systemprofile\.m2\repository\dnsjava\dnsjava\2.1.7\dnsjava-2.1.7.jar;C:\WINDOWS\system32\config\systemprofile\.m2\repository\excalibur-datasource\excalibur-datasource\2.1\excalibur-datasource-2.1.jar;C:\WINDOWS\system32\config\systemprofile\.m2\repository\hsqldb\hsqldb\1.8.0.1\hsqldb-1.8.0.1.jar;C:\WINDOWS\system32\config\systemprofile\.m2\repository\avalon-framework\avalon-framework-api\4.3\avalon-framework-api-4.3.jar;C:\WINDOWS\system32\config\systemprofile\.m2\repository\avalon-framework\avalon-framework-impl\4.3\avalon-framework-impl-4.3.jar;C:\WINDOWS\system32\config\systemprofile\.m2\repository\xml-apis\xmlParserAPIs\2.0.2\xmlParserAPIs-2.0.2.jar;C:\WINDOWS\system32\config\systemprofile\.m2\repository\log4j\log4j\1.2.11\log4j-1.2.11.jar;C:\WINDOWS\system32\config\systemprofile\.m2\repository\jmock\jmock\1.0.1\jmock-1.0.1.jar;C:\WINDOWS\system32\config\systemprofile\.m2\repository\avalon-logkit\avalon-logkit\2.1\avalon-logkit-2.1.jar;C:\WINDOWS\system32\config\systemprofile\.m2\repository\javax\servlet\servlet-api\2.3\servlet-api-2.3.jar;C:\WINDOWS\system32\config\systemprofile\.m2\repository\geronimo-spec\geronimo-spec-javamail\1.3.1-rc3\geronimo-spec-javamail-1.3.1-rc3.jar;C:\WINDOWS\system32\config\systemprofile\.m2\repository\geronimo-spec\geronimo-spec-jms\1.1-rc4\geronimo-spec-jms-1.1-rc4.jar;C:\WINDOWS\system32\config\systemprofile\.m2\repository\excalibur-instrument\excalibur-instrument-api\2.1\excalibur-instrument-api-2.1.jar;C:\WINDOWS\system32\config\systemprofile\.m2\repository\concurrent\concurrent\1.3.4\concurrent-1.3.4.jar;C:\WINDOWS\system32\config\systemprofile\.m2\repository\excalibur-component\excalibur-testcase\2.1\excalibur-testcase-2.1.jar;C:\WINDOWS\system32\config\systemprofile\.m2\repository\excalibur-component\excalibur-component\2.1\excalibur-component-2.1.jar;C:\WINDOWS\system32\config\systemprofile\.m2\repository\excalibur-instrument\excalibur-instrument-mgr-api\2.1\excalibur-instrument-mgr-api-2.1.jar;C:\WINDOWS\system32\config\systemprofile\.m2\repository\excalibur-instrument\excalibur-instrument-mgr-impl\2.1\excalibur-instrument-mgr-impl-2.1.jar;C:\WINDOWS\system32\config\systemprofile\.m2\repository\qdox\qdox\1.5\qdox-1.5.jar;C:\WINDOWS\system32\config\systemprofile\.m2\repository\excalibur-instrument\excalibur-instrument\1.0\excalibur-instrument-1.0.jar;C:\WINDOWS\system32\config\systemprofile\.m2\repository\excalibur-logger\excalibur-logger\1.1\excalibur-logger-1.1.jar;C:\WINDOWS\system32\config\systemprofile\.m2\repository\excalibur-pool\excalibur-pool-api\2.1\excalibur-pool-api-2.1.jar;C:\WINDOWS\system32\config\systemprofile\.m2\repository\excalibur-pool\excalibur-pool-impl\2.1\excalibur-pool-impl-2.1.jar;C:\WINDOWS\system32\config\systemprofile\.m2\repository\junitperf\junitperf\1.8\junitperf-1.8.jar;C:\WINDOWS\system32\config\systemprofile\.m2\repository\excalibur-pool\excalibur-pool-instrumented\2.1\excalibur-pool-instrumented-2.1.jar;C:\WINDOWS\system32\config\systemprofile\.m2\repository\org\htmlparser\htmllexer\2.1\htmllexer-2.1.jar;C:\WINDOWS\system32\config\systemprofile\.m2\repository\org\htmlparser\htmlparser\2.1\htmlparser-2.1.jar;C:\WINDOWS\system32\config\systemprofile\.m2\repository\org\apache\httpcomponents\httpclient\4.2.6\httpclient-4.2.6.jar;C:\WINDOWS\system32\config\systemprofile\.m2\repository\org\apache\httpcomponents\httpmime\4.2.6\httpmime-4.2.6.jar;C:\WINDOWS\system32\config\systemprofile\.m2\repository\org\apache\httpcomponents\httpcore\4.2.5\httpcore-4.2.5.jar;C:\WINDOWS\system32\config\systemprofile\.m2\repository\oro\oro\2.0.8\oro-2.0.8.jar;C:\WINDOWS\system32\config\systemprofile\.m2\repository\jcharts\jcharts\0.7.5\jcharts-0.7.5.jar;C:\WINDOWS\system32\config\systemprofile\.m2\repository\org\jdom\jdom\1.1.3\jdom-1.1.3.jar;C:\WINDOWS\system32\config\systemprofile\.m2\repository\org\mozilla\rhino\1.7R5\rhino-1.7R5.jar;C:\WINDOWS\system32\config\systemprofile\.m2\repository\logkit\logkit\2.0\logkit-2.0.jar;C:\WINDOWS\system32\config\systemprofile\.m2\repository\soap\soap\2.3.1\soap-2.3.1.jar;C:\WINDOWS\system32\config\systemprofile\.m2\repository\net\sf\jtidy\jtidy\r938\jtidy-r938.jar;C:\WINDOWS\system32\config\systemprofile\.m2\repository\org\apache\tika\tika-core\1.7\tika-core-1.7.jar;C:\WINDOWS\system32\config\systemprofile\.m2\repository\org\apache\tika\tika-parsers\1.7\tika-parsers-1.7.jar;C:\WINDOWS\system32\config\systemprofile\.m2\repository\org\gagravarr\vorbis-java-tika\0.6\vorbis-java-tika-0.6.jar;C:\WINDOWS\system32\config\systemprofile\.m2\repository\edu\ucar\netcdf\4.2.20\netcdf-4.2.20.jar;C:\WINDOWS\system32\config\systemprofile\.m2\repository\edu\ucar\unidataCommon\4.2.20\unidataCommon-4.2.20.jar;C:\WINDOWS\system32\config\systemprofile\.m2\repository\net\jcip\jcip-annotations\1.0\jcip-annotations-1.0.jar;C:\WINDOWS\system32\config\systemprofile\.m2\repository\net\sourceforge\jmatio\jmatio\1.0\jmatio-1.0.jar;C:\WINDOWS\system32\config\systemprofile\.m2\repository\org\apache\james\apache-mime4j-core\0.7.2\apache-mime4j-core-0.7.2.jar;C:\WINDOWS\system32\config\systemprofile\.m2\repository\org\apache\james\apache-mime4j-dom\0.7.2\apache-mime4j-dom-0.7.2.jar;C:\WINDOWS\system32\config\systemprofile\.m2\repository\org\tukaani\xz\1.5\xz-1.5.jar;C:\WINDOWS\system32\config\systemprofile\.m2\repository\org\apache\pdfbox\pdfbox\1.8.8\pdfbox-1.8.8.jar;C:\WINDOWS\system32\config\systemprofile\.m2\repository\org\apache\pdfbox\fontbox\1.8.8\fontbox-1.8.8.jar;C:\WINDOWS\system32\config\systemprofile\.m2\repository\org\apache\pdfbox\jempbox\1.8.8\jempbox-1.8.8.jar;C:\WINDOWS\system32\config\systemprofile\.m2\repository\org\bouncycastle\bcmail-jdk15\1.45\bcmail-jdk15-1.45.jar;C:\WINDOWS\system32\config\systemprofile\.m2\repository\org\bouncycastle\bcprov-jdk15\1.45\bcprov-jdk15-1.45.jar;C:\WINDOWS\system32\config\systemprofile\.m2\repository\org\apache\poi\poi\3.11\poi-3.11.jar;C:\WINDOWS\system32\config\systemprofile\.m2\repository\org\apache\poi\poi-scratchpad\3.11\poi-scratchpad-3.11.jar;C:\WINDOWS\system32\config\systemprofile\.m2\repository\org\apache\poi\poi-ooxml\3.11\poi-ooxml-3.11.jar;C:\WINDOWS\system32\config\systemprofile\.m2\repository\org\apache\poi\poi-ooxml-schemas\3.11\poi-ooxml-schemas-3.11.jar;C:\WINDOWS\system32\config\systemprofile\.m2\repository\org\apache\xmlbeans\xmlbeans\2.6.0\xmlbeans-2.6.0.jar;C:\WINDOWS\system32\config\systemprofile\.m2\repository\org\ccil\cowan\tagsoup\tagsoup\1.2.1\tagsoup-1.2.1.jar;C:\WINDOWS\system32\config\systemprofile\.m2\repository\org\ow2\asm\asm-debug-all\4.1\asm-debug-all-4.1.jar;C:\WINDOWS\system32\config\systemprofile\.m2\repository\com\googlecode\mp4parser\isoparser\1.0.2\isoparser-1.0.2.jar;C:\WINDOWS\system32\config\systemprofile\.m2\repository\org\aspectj\aspectjrt\1.8.0\aspectjrt-1.8.0.jar;C:\WINDOWS\system32\config\systemprofile\.m2\repository\com\drewnoakes\metadata-extractor\2.6.2\metadata-extractor-2.6.2.jar;C:\WINDOWS\system32\config\systemprofile\.m2\repository\com\adobe\xmp\xmpcore\5.1.2\xmpcore-5.1.2.jar;C:\WINDOWS\system32\config\systemprofile\.m2\repository\de\l3s\boilerpipe\boilerpipe\1.1.0\boilerpipe-1.1.0.jar;C:\WINDOWS\system32\config\systemprofile\.m2\repository\rome\rome\1.0\rome-1.0.jar;C:\WINDOWS\system32\config\systemprofile\.m2\repository\jdom\jdom\1.0\jdom-1.0.jar;C:\WINDOWS\system32\config\systemprofile\.m2\repository\org\gagravarr\vorbis-java-core\0.6\vorbis-java-core-0.6.jar;C:\WINDOWS\system32\config\systemprofile\.m2\repository\com\googlecode\juniversalchardet\juniversalchardet\1.0.3\juniversalchardet-1.0.3.jar;C:\WINDOWS\system32\config\systemprofile\.m2\repository\com\uwyn\jhighlight\1.0\jhighlight-1.0.jar;C:\WINDOWS\system32\config\systemprofile\.m2\repository\com\pff\java-libpst\0.8.1\java-libpst-0.8.1.jar;C:\WINDOWS\system32\config\systemprofile\.m2\repository\com\thoughtworks\xstream\xstream\1.4.8\xstream-1.4.8.jar;C:\WINDOWS\system32\config\systemprofile\.m2\repository\xmlpull\xmlpull\1.1.3.1\xmlpull-1.1.3.1.jar;C:\WINDOWS\system32\config\systemprofile\.m2\repository\xpp3\xpp3_min\1.1.4c\xpp3_min-1.1.4c.jar;C:\WINDOWS\system32\config\systemprofile\.m2\repository\xalan\xalan\2.7.2\xalan-2.7.2.jar;C:\WINDOWS\system32\config\systemprofile\.m2\repository\xalan\serializer\2.7.2\serializer-2.7.2.jar;C:\WINDOWS\system32\config\systemprofile\.m2\repository\xerces\xercesImpl\2.11.0\xercesImpl-2.11.0.jar;C:\WINDOWS\system32\config\systemprofile\.m2\repository\xml-apis\xml-apis\1.4.01\xml-apis-1.4.01.jar;C:\WINDOWS\system32\config\systemprofile\.m2\repository\org\apache\xmlgraphics\xmlgraphics-commons\1.5\xmlgraphics-commons-1.5.jar;C:\WINDOWS\system32\config\systemprofile\.m2\repository\javax\mail\mail\1.5.0-b01\mail-1.5.0-b01.jar;C:\WINDOWS\system32\config\systemprofile\.m2\repository\javax\activation\activation\1.1\activation-1.1.jar;C:\WINDOWS\system32\config\systemprofile\.m2\repository\org\apache\geronimo\specs\geronimo-jms_1.1_spec\1.1.1\geronimo-jms_1.1_spec-1.1.1.jar;C:\WINDOWS\system32\config\systemprofile\.m2\repository\org\jsoup\jsoup\1.8.1\jsoup-1.8.1.jar;C:\WINDOWS\system32\config\systemprofile\.m2\repository\org\jodd\jodd-core\3.6.4\jodd-core-3.6.4.jar;C:\WINDOWS\system32\config\systemprofile\.m2\repository\org\jodd\jodd-lagarto\3.6.4\jodd-lagarto-3.6.4.jar;C:\WINDOWS\system32\config\systemprofile\.m2\repository\org\jodd\jodd-log\3.6.4\jodd-log-3.6.4.jar;C:\WINDOWS\system32\config\systemprofile\.m2\repository\org\mongodb\mongo-java-driver\2.11.3\mongo-java-driver-2.11.3.jar;C:\WINDOWS\system32\config\systemprofile\.m2\repository\com\fifesoft\rsyntaxtextarea\2.5.6\rsyntaxtextarea-2.5.6.jar;C:\WINDOWS\system32\config\systemprofile\.m2\repository\org\slf4j\slf4j-nop\1.7.10\slf4j-nop-1.7.10.jar;C:\WINDOWS\system32\config\systemprofile\.m2\repository\org\apache\jmeter\ApacheJMeter_core\2.13\ApacheJMeter_core-2.13.jar;C:\WINDOWS\system32\config\systemprofile\.m2\repository\kg\apc\jmeter-plugins-charts\0.1\jmeter-plugins-charts-0.1.jar;"/>
    <property name="sun.cpu.endian" value="little"/>
    <property name="user.home" value="C:\WINDOWS\system32\config\systemprofile"/>
    <property name="user.language" value="en"/>
    <property name="java.specification.vendor" value="Oracle Corporation"/>
    <property name="java.version.date" value="2024-01-16"/>
    <property name="java.home" value="C:\Program Files\Java\jdk-17"/>
    <property name="file.separator" value="\"/>
    <property name="basedir" value="C:\Users\satal\eclipse-workspace\task_6_maven_CICD"/>
    <property name="java.vm.compressedOopsMode" value="32-bit"/>
    <property name="line.separator" value="&#10;"/>
    <property name="java.vm.specification.vendor" value="Oracle Corporation"/>
    <property name="java.specification.name" value="Java Platform API Specification"/>
    <property name="surefire.real.class.path" value="C:\Windows\Temp\surefire16126787472494646155\surefirebooter4971078881322727952.jar"/>
    <property name="user.script" value=""/>
    <property name="sun.management.compiler" value="HotSpot 64-Bit Tiered Compilers"/>
    <property name="java.runtime.version" value="17.0.10+11-LTS-240"/>
    <property name="user.name" value="LAPTOP-CIC3PUUM$"/>
    <property name="path.separator" value=";"/>
    <property name="os.version" value="10.0"/>
    <property name="java.runtime.name" value="Java(TM) SE Runtime Environment"/>
    <property name="file.encoding" value="Cp1252"/>
    <property name="browser" value=""/>
    <property name="java.vm.name" value="Java HotSpot(TM) 64-Bit Server VM"/>
    <property name="localRepository" value="C:\WINDOWS\system32\config\systemprofile\.m2\repository"/>
    <property name="java.vendor.url.bug" value="https://bugreport.java.com/bugreport/"/>
    <property name="java.io.tmpdir" value="C:\WINDOWS\TEMP\"/>
    <property name="java.version" value="17.0.10"/>
    <property name="user.dir" value="C:\Users\satal\eclipse-workspace\task_6_maven_CICD"/>
    <property name="os.arch" value="amd64"/>
    <property name="java.vm.specification.name" value="Java Virtual Machine Specification"/>
    <property name="sun.os.patch.level" value=""/>
    <property name="native.encoding" value="Cp1252"/>
    <property name="java.library.path" value="C:\Program Files\Java\jdk-17\bin;C:\WINDOWS\Sun\Java\bin;C:\WINDOWS\system32;C:\WINDOWS;C:\Program Files\Common Files\Oracle\Java\javapath;C:\Windows\system32;C:\Windows;C:\Windows\System32\Wbem;C:\Windows\System32\WindowsPowerShell\v1.0\;C:\Windows\System32\OpenSSH\;C:\Program Files (x86)\NVIDIA Corporation\PhysX\Common;C:\Program Files\NVIDIA Corporation\NVIDIA NvDLISR;C:\WINDOWS\system32;C:\WINDOWS;C:\WINDOWS\System32\Wbem;C:\WINDOWS\System32\WindowsPowerShell\v1.0\;C:\WINDOWS\System32\OpenSSH\;C:\Program Files\Docker\Docker\resources\bin;C:\Program Files\Git\cmd;C:\Program Files\Java\jdk-11;C:\Program Files\Java\jdk-17;C:\Users\satal\AppData\Local\Programs\Python\Python312\;C:\ProgramData\Microsoft\Windows\Start Menu\Programs\Node.js;C:\Program Files\Git\bin;C:\Program Files\Git\usr\bin;C:\Windows\System32;C:\Program Files\terraform;C:\Program Files\Amazon\AWSCLIV2\;C:\Users\satal\node.exe;C:\Program Files\nodejs\;C:\Users\satal\Downloads\ngrok-v3-stable-windows-amd64;C:\Program Files\Git LFS;C:\Users\satal\Downloads\apache-maven-3.9.6-bin\apache-maven-3.9.6\bin;C:\Users\satal\Downloads\apache-jmeter-5.6.3\apache-jmeter-5.6.3;C:\WINDOWS\system32\config\systemprofile\AppData\Local\Microsoft\WindowsApps;."/>
    <property name="java.vm.info" value="mixed mode, sharing"/>
    <property name="java.vendor" value="Oracle Corporation"/>
    <property name="java.vm.version" value="17.0.10+11-LTS-240"/>
    <property name="sun.io.unicode.encoding" value="UnicodeLittle"/>
    <property name="java.class.version" value="61.0"/>
  </properties>
  <testcase name="openBrowser" classname="task_6_maven_CICD.task_6_maven_CICD.AppTest" time="3.707">
    <system-err><![CDATA[SLF4J: Class path contains multiple SLF4J bindings.
SLF4J: Found binding in [jar:file:/C:/Windows/system32/config/systemprofile/.m2/repository/org/apache/logging/log4j/log4j-slf4j-impl/2.14.1/log4j-slf4j-impl-2.14.1.jar!/org/slf4j/impl/StaticLoggerBinder.class]
SLF4J: Found binding in [jar:file:/C:/Windows/system32/config/systemprofile/.m2/repository/org/slf4j/slf4j-nop/1.7.10/slf4j-nop-1.7.10.jar!/org/slf4j/impl/StaticLoggerBinder.class]
SLF4J: See http://www.slf4j.org/codes.html#multiple_bindings for an explanation.
SLF4J: Actual binding is of type [org.apache.logging.slf4j.Log4jLoggerFactory]
Starting ChromeDriver 122.0.6261.111 (9d4c1072da62b411b351a38b9ed6214ab236aa7b-refs/branch-heads/6261@{#1015}) on port 28222
Only local connections are allowed.
Please see https://chromedriver.chromium.org/security-considerations for suggestions on keeping ChromeDriver safe.
ChromeDriver was started successfully.
[1711972302.674][WARNING]: This version of ChromeDriver has not been tested with Chrome version 123.
Apr 01, 2024 5:21:42 PM org.openqa.selenium.remote.ProtocolHandshake createSession
INFO: Detected dialect: W3C
]]></system-err>
  </testcase>
</testsuite>